#
# There is insufficient memory for the Java Runtime Environment to continue.
# Native memory allocation (malloc) failed to allocate 1183744 bytes for Chunk::new
# Possible reasons:
#   The system is out of physical RAM or swap space
#   The process is running with CompressedOops enabled, and the Java Heap may be blocking the growth of the native heap
# Possible solutions:
#   Reduce memory load on the system
#   Increase physical memory or swap space
#   Check if swap backing store is full
#   Decrease Java heap size (-Xmx/-Xms)
#   Decrease number of Java threads
#   Decrease Java thread stack sizes (-Xss)
#   Set larger code cache with -XX:ReservedCodeCacheSize=
#   JVM is running with Unscaled Compressed Oops mode in which the Java heap is
#     placed in the first 4GB address space. The Java Heap base address is the
#     maximum limit for the native heap growth. Please use -XX:HeapBaseMinAddress
#     to set the Java Heap base and to place the Java Heap above 4GB virtual address.
# This output file may be truncated or incomplete.
#
#  Out of Memory Error (allocation.cpp:389), pid=3156, tid=0x00000000000050c8
#
# JRE version: OpenJDK Runtime Environment (8.0_242-b01) (build 1.8.0_242-release-1644-b01)
# Java VM: OpenJDK 64-Bit Server VM (25.242-b01 mixed mode windows-amd64 compressed oops)
# Failed to write core dump. Minidumps are not enabled by default on client versions of Windows
#

---------------  T H R E A D  ---------------

Current thread (0x0000000017ea4000):  JavaThread "C2 CompilerThread1" daemon [_thread_in_native, id=20680, stack(0x00000000195f0000,0x00000000196f0000)]

Stack: [0x00000000195f0000,0x00000000196f0000]
[error occurred during error reporting (printing stack bounds), id 0xc0000005]

Native frames: (J=compiled Java code, j=interpreted, Vv=VM code, C=native code)


Current CompileTask:
C2:3954907 23658       4       com.android.tools.r8.ir.regalloc.a::a (3993 bytes)


---------------  P R O C E S S  ---------------

Java Threads: ( => current thread )
  0x000000001e7cd000 JavaThread "WorkerExecutor Queue Thread 8" [_thread_blocked, id=4784, stack(0x0000000027fd0000,0x00000000280d0000)]
  0x000000001e7c8000 JavaThread "WorkerExecutor Queue Thread 7" [_thread_blocked, id=6940, stack(0x0000000001590000,0x0000000001690000)]
  0x000000001e7d1800 JavaThread "Cache worker for Java compile cache (C:\Users\jiong\AndroidStudioProjects\FirstApp\.gradle\6.1.1\javaCompile)" [_thread_blocked, id=16656, stack(0x00000000291d0000,0x00000000292d0000)]
  0x000000001e7c4000 JavaThread "Cache worker for Java compile cache (C:\Users\jiong\.gradle\caches\6.1.1\javaCompile)" [_thread_blocked, id=15604, stack(0x00000000290d0000,0x00000000291d0000)]
  0x000000001e7cb800 JavaThread "WorkerExecutor Queue Thread 3" [_thread_blocked, id=23656, stack(0x0000000028ad0000,0x0000000028bd0000)]
  0x000000001e7c7000 JavaThread "WorkerExecutor Queue Thread 2" [_thread_in_native, id=13836, stack(0x000000001d410000,0x000000001d510000)]
  0x000000001a468000 JavaThread "Cache worker for execution history cache (C:\Users\jiong\AndroidStudioProjects\FirstApp\.gradle\6.1.1\executionHistory)" [_thread_blocked, id=16012, stack(0x0000000027cd0000,0x0000000027dd0000)]
  0x000000001a467800 JavaThread "Execution worker for ':' Thread 3" [_thread_blocked, id=20708, stack(0x0000000027bd0000,0x0000000027cd0000)]
  0x000000001a45f800 JavaThread "Execution worker for ':' Thread 2" [_thread_blocked, id=10496, stack(0x0000000027ad0000,0x0000000027bd0000)]
  0x000000001a463000 JavaThread "Execution worker for ':'" [_thread_blocked, id=9188, stack(0x00000000279d0000,0x0000000027ad0000)]
  0x000000001fc2c000 JavaThread "Cache worker for file content cache (C:\Users\jiong\AndroidStudioProjects\FirstApp\.gradle\6.1.1\fileContent)" [_thread_blocked, id=17356, stack(0x00000000278d0000,0x00000000279d0000)]
  0x000000001fc24800 JavaThread "Cache worker for file content cache (C:\Users\jiong\.gradle\caches\6.1.1\fileContent)" [_thread_blocked, id=20560, stack(0x00000000277d0000,0x00000000278d0000)]
  0x000000001fc2a000 JavaThread "Memory manager" [_thread_blocked, id=2684, stack(0x0000000025c50000,0x0000000025d50000)]
  0x000000001fc29000 JavaThread "Cache worker for Build Output Cleanup Cache (C:\Users\jiong\AndroidStudioProjects\FirstApp\.gradle\buildOutputCleanup)" [_thread_blocked, id=23464, stack(0x0000000025b50000,0x0000000025c50000)]
  0x000000001fc25800 JavaThread "Build operations Thread 4" [_thread_blocked, id=11168, stack(0x00000000247b0000,0x00000000248b0000)]
  0x000000001fc2a800 JavaThread "Build operations Thread 3" [_thread_blocked, id=7924, stack(0x00000000246b0000,0x00000000247b0000)]
  0x000000001fc2b800 JavaThread "Build operations Thread 2" [_thread_blocked, id=9900, stack(0x0000000023f10000,0x0000000024010000)]
  0x000000001fc27800 JavaThread "Build operations" [_thread_blocked, id=16956, stack(0x0000000023c10000,0x0000000023d10000)]
  0x000000001fc27000 JavaThread "Cache worker for cache directory md-rule (C:\Users\jiong\.gradle\caches\6.1.1\md-rule)" [_thread_blocked, id=23696, stack(0x0000000023b10000,0x0000000023c10000)]
  0x000000001fc26000 JavaThread "Cache worker for cache directory md-supplier (C:\Users\jiong\.gradle\caches\6.1.1\md-supplier)" [_thread_blocked, id=9580, stack(0x00000000214f0000,0x00000000215f0000)]
  0x000000001fc1d000 JavaThread "Cache worker for file hash cache (C:\Users\jiong\AndroidStudioProjects\FirstApp\.gradle\6.1.1\fileHashes)" [_thread_blocked, id=5340, stack(0x00000000213f0000,0x00000000214f0000)]
  0x000000001fc24000 JavaThread "Cache worker for checksums cache (C:\Users\jiong\AndroidStudioProjects\FirstApp\.gradle\checksums)" [_thread_blocked, id=23876, stack(0x00000000212f0000,0x00000000213f0000)]
  0x000000001fc22800 JavaThread "Thread-43" [_thread_blocked, id=10544, stack(0x000000001d710000,0x000000001d810000)]
  0x000000001fc21000 JavaThread "Asynchronous log dispatcher for DefaultDaemonConnection: socket connection from /127.0.0.1:50605 to /127.0.0.1:51519" [_thread_blocked, id=23124, stack(0x000000001d310000,0x000000001d410000)]
  0x000000001fc1e000 JavaThread "Daemon worker Thread 3" [_thread_in_Java, id=18588, stack(0x000000001d010000,0x000000001d110000)]
  0x000000001fc1f800 JavaThread "Cancel handler" [_thread_blocked, id=24200, stack(0x000000001cf10000,0x000000001d010000)]
  0x000000001fc20000 JavaThread "Handler for socket connection from /127.0.0.1:50605 to /127.0.0.1:51519" [_thread_in_native, id=7024, stack(0x0000000001690000,0x0000000001790000)]
  0x000000001fc1e800 JavaThread "Daemon Thread 3" [_thread_blocked, id=18288, stack(0x0000000001490000,0x0000000001590000)]
  0x000000001a9de000 JavaThread "Cache worker for execution history cache (C:\Users\jiong\.gradle\caches\6.1.1\executionHistory)" [_thread_blocked, id=3316, stack(0x00000000217f0000,0x00000000218f0000)]
  0x000000001a9da800 JavaThread "Cache worker for file hash cache (C:\Users\jiong\.gradle\caches\6.1.1\fileHashes)" [_thread_blocked, id=16464, stack(0x000000001dc10000,0x000000001dd10000)]
  0x000000001a9dc000 JavaThread "File lock request listener" [_thread_in_native, id=8532, stack(0x000000001db10000,0x000000001dc10000)]
  0x000000001a9d9800 JavaThread "Cache worker for journal cache (C:\Users\jiong\.gradle\caches\journal-1)" [_thread_blocked, id=12136, stack(0x000000001da10000,0x000000001db10000)]
  0x000000001982e000 JavaThread "Daemon periodic checks" [_thread_blocked, id=4656, stack(0x000000001ce10000,0x000000001cf10000)]
  0x000000001982d000 JavaThread "Incoming local TCP Connector on port 50605" [_thread_in_native, id=1148, stack(0x000000001cbd0000,0x000000001ccd0000)]
  0x000000001b88f800 JavaThread "Daemon health stats" [_thread_blocked, id=4672, stack(0x000000001c590000,0x000000001c690000)]
  0x0000000017eed800 JavaThread "Service Thread" daemon [_thread_blocked, id=1756, stack(0x0000000019bf0000,0x0000000019cf0000)]
  0x0000000017ea9000 JavaThread "C1 CompilerThread2" daemon [_thread_in_vm, id=22548, stack(0x00000000196f0000,0x00000000197f0000)]
=>0x0000000017ea4000 JavaThread "C2 CompilerThread1" daemon [_thread_in_native, id=20680, stack(0x00000000195f0000,0x00000000196f0000)]
  0x0000000017e90800 JavaThread "C2 CompilerThread0" daemon [_thread_blocked, id=14536, stack(0x00000000194f0000,0x00000000195f0000)]
  0x0000000017e96000 JavaThread "Attach Listener" daemon [_thread_blocked, id=14732, stack(0x00000000193f0000,0x00000000194f0000)]
  0x0000000017e95000 JavaThread "Signal Dispatcher" daemon [_thread_blocked, id=19624, stack(0x00000000192f0000,0x00000000193f0000)]
  0x000000000326b000 JavaThread "Finalizer" daemon [_thread_blocked, id=5856, stack(0x00000000190f0000,0x00000000191f0000)]
  0x0000000017e79000 JavaThread "Reference Handler" daemon [_thread_blocked, id=19552, stack(0x0000000018ff0000,0x00000000190f0000)]
  0x000000000187d800 JavaThread "main" [_thread_blocked, id=20372, stack(0x0000000003070000,0x0000000003170000)]

Other Threads:
  0x0000000017e56000 VMThread [stack: 0x0000000018ef0000,0x0000000018ff0000] [id=6776]
  0x0000000017eee000 WatcherThread [stack: 0x0000000019cf0000,0x0000000019df0000] [id=13536]

VM state:not at safepoint (normal execution)

VM Mutex/Monitor currently owned by a thread: None

heap address: 0x0000000080000000, size: 2048 MB, Compressed Oops mode: 32-bit
Narrow klass base: 0x0000000000000000, Narrow klass shift: 3
Compressed class space size: 1073741824 Address: 0x0000000100000000

Heap:
 PSYoungGen      total 654336K, used 597904K [0x00000000d5580000, 0x00000000ffb80000, 0x0000000100000000)
  eden space 619520K, 94% used [0x00000000d5580000,0x00000000f8e69910,0x00000000fb280000)
  from space 34816K, 44% used [0x00000000fd980000,0x00000000fe87a938,0x00000000ffb80000)
  to   space 37376K, 0% used [0x00000000fb280000,0x00000000fb280000,0x00000000fd700000)
 ParOldGen       total 109056K, used 72330K [0x0000000080000000, 0x0000000086a80000, 0x00000000d5580000)
  object space 109056K, 66% used [0x0000000080000000,0x00000000846a2a00,0x0000000086a80000)
 Metaspace       used 107934K, capacity 112666K, committed 112936K, reserved 1146880K
  class space    used 13785K, capacity 14699K, committed 14896K, reserved 1048576K

Card table byte_map: [0x0000000012630000,0x0000000012a40000] byte_map_base: 0x0000000012230000

Marking Bits: (ParMarkBitMap*) 0x0000000065ecf030
 Begin Bits: [0x00000000130f0000, 0x00000000150f0000)
 End Bits:   [0x00000000150f0000, 0x00000000170f0000)

Polling page: 0x0000000001350000

CodeCache: size=245760Kb used=68048Kb max_used=68280Kb free=177711Kb
 bounds [0x0000000003270000, 0x00000000075f0000, 0x0000000012270000]
 total_blobs=18880 nmethods=17933 adapters=858
 compilation: enabled

Compilation events (10 events):
Event: 3942.855 Thread 0x0000000017ea9000 23657       1       com.android.tools.r8.ir.analysis.type.l::b (4 bytes)
Event: 3942.856 Thread 0x0000000017ea9000 nmethod 23657 0x0000000006349250 code [0x00000000063493a0, 0x0000000006349490]
Event: 3947.850 Thread 0x0000000017ea4000 nmethod 23654% 0x00000000075d4dd0 code [0x00000000075d6040, 0x00000000075df088]
Event: 3951.998 Thread 0x0000000017ea4000 23658       4       com.android.tools.r8.ir.regalloc.a::a (3993 bytes)
Event: 3952.070 Thread 0x0000000017ea9000 23659       3       java.util.HashMap$HashMapSpliterator::estimateSize (11 bytes)
Event: 3952.071 Thread 0x0000000017ea9000 nmethod 23659 0x0000000006b338d0 code [0x0000000006b33a40, 0x0000000006b33c68]
Event: 3953.383 Thread 0x0000000017e90800 23660   !   4       com.android.tools.r8.u.b.B::O0 (37 bytes)
Event: 3953.489 Thread 0x0000000017e90800 nmethod 23660 0x0000000005fbcc90 code [0x0000000005fbce00, 0x0000000005fbd228]
Event: 3953.952 Thread 0x0000000017ea9000 23661       1       org.gradle.internal.jvm.Jvm::isIbmJvm (2 bytes)
Event: 3954.047 Thread 0x0000000017ea9000 nmethod 23661 0x00000000058daf10 code [0x00000000058db060, 0x00000000058db170]

GC Heap History (10 events):
Event: 3508.918 GC heap before
{Heap before GC invocations=18 (full 4):
 PSYoungGen      total 521728K, used 19497K [0x00000000d5580000, 0x00000000f7580000, 0x0000000100000000)
  eden space 491008K, 0% used [0x00000000d5580000,0x00000000d5580000,0x00000000f3500000)
  from space 30720K, 63% used [0x00000000f5400000,0x00000000f670a4d8,0x00000000f7200000)
  to   space 31744K, 0% used [0x00000000f3500000,0x00000000f3500000,0x00000000f5400000)
 ParOldGen       total 78336K, used 53075K [0x0000000080000000, 0x0000000084c80000, 0x00000000d5580000)
  object space 78336K, 67% used [0x0000000080000000,0x00000000833d4d80,0x0000000084c80000)
 Metaspace       used 94076K, capacity 98404K, committed 98600K, reserved 1134592K
  class space    used 12112K, capacity 13017K, committed 13104K, reserved 1048576K
Event: 3526.003 GC heap after
Heap after GC invocations=18 (full 4):
 PSYoungGen      total 521728K, used 0K [0x00000000d5580000, 0x00000000f7580000, 0x0000000100000000)
  eden space 491008K, 0% used [0x00000000d5580000,0x00000000d5580000,0x00000000f3500000)
  from space 30720K, 0% used [0x00000000f5400000,0x00000000f5400000,0x00000000f7200000)
  to   space 31744K, 0% used [0x00000000f3500000,0x00000000f3500000,0x00000000f5400000)
 ParOldGen       total 109056K, used 47138K [0x0000000080000000, 0x0000000086a80000, 0x00000000d5580000)
  object space 109056K, 43% used [0x0000000080000000,0x0000000082e08b00,0x0000000086a80000)
 Metaspace       used 93168K, capacity 96558K, committed 98600K, reserved 1134592K
  class space    used 11904K, capacity 12639K, committed 13104K, reserved 1048576K
}
Event: 3647.102 GC heap before
{Heap before GC invocations=19 (full 4):
 PSYoungGen      total 521728K, used 491008K [0x00000000d5580000, 0x00000000f7580000, 0x0000000100000000)
  eden space 491008K, 100% used [0x00000000d5580000,0x00000000f3500000,0x00000000f3500000)
  from space 30720K, 0% used [0x00000000f5400000,0x00000000f5400000,0x00000000f7200000)
  to   space 31744K, 0% used [0x00000000f3500000,0x00000000f3500000,0x00000000f5400000)
 ParOldGen       total 109056K, used 47138K [0x0000000080000000, 0x0000000086a80000, 0x00000000d5580000)
  object space 109056K, 43% used [0x0000000080000000,0x0000000082e08b00,0x0000000086a80000)
 Metaspace       used 105997K, capacity 110472K, committed 110888K, reserved 1144832K
  class space    used 13624K, capacity 14520K, committed 14640K, reserved 1048576K
Event: 3689.183 GC heap after
Heap after GC invocations=19 (full 4):
 PSYoungGen      total 522752K, used 31721K [0x00000000d5580000, 0x0000000100000000, 0x0000000100000000)
  eden space 491008K, 0% used [0x00000000d5580000,0x00000000d5580000,0x00000000f3500000)
  from space 31744K, 99% used [0x00000000f3500000,0x00000000f53fa458,0x00000000f5400000)
  to   space 38400K, 0% used [0x00000000fda80000,0x00000000fda80000,0x0000000100000000)
 ParOldGen       total 109056K, used 52163K [0x0000000080000000, 0x0000000086a80000, 0x00000000d5580000)
  object space 109056K, 47% used [0x0000000080000000,0x00000000832f0e60,0x0000000086a80000)
 Metaspace       used 105997K, capacity 110472K, committed 110888K, reserved 1144832K
  class space    used 13624K, capacity 14520K, committed 14640K, reserved 1048576K
}
Event: 3734.043 GC heap before
{Heap before GC invocations=20 (full 4):
 PSYoungGen      total 522752K, used 522729K [0x00000000d5580000, 0x0000000100000000, 0x0000000100000000)
  eden space 491008K, 100% used [0x00000000d5580000,0x00000000f3500000,0x00000000f3500000)
  from space 31744K, 99% used [0x00000000f3500000,0x00000000f53fa458,0x00000000f5400000)
  to   space 38400K, 0% used [0x00000000fda80000,0x00000000fda80000,0x0000000100000000)
 ParOldGen       total 109056K, used 52163K [0x0000000080000000, 0x0000000086a80000, 0x00000000d5580000)
  object space 109056K, 47% used [0x0000000080000000,0x00000000832f0e60,0x0000000086a80000)
 Metaspace       used 106339K, capacity 110862K, committed 111144K, reserved 1146880K
  class space    used 13648K, capacity 14531K, committed 14640K, reserved 1048576K
Event: 3738.466 GC heap after
Heap after GC invocations=20 (full 4):
 PSYoungGen      total 657408K, used 26071K [0x00000000d5580000, 0x0000000100000000, 0x0000000100000000)
  eden space 619008K, 0% used [0x00000000d5580000,0x00000000d5580000,0x00000000fb200000)
  from space 38400K, 67% used [0x00000000fda80000,0x00000000ff3f5c90,0x0000000100000000)
  to   space 39936K, 0% used [0x00000000fb200000,0x00000000fb200000,0x00000000fd900000)
 ParOldGen       total 109056K, used 52171K [0x0000000080000000, 0x0000000086a80000, 0x00000000d5580000)
  object space 109056K, 47% used [0x0000000080000000,0x00000000832f2e60,0x0000000086a80000)
 Metaspace       used 106339K, capacity 110862K, committed 111144K, reserved 1146880K
  class space    used 13648K, capacity 14531K, committed 14640K, reserved 1048576K
}
Event: 3810.087 GC heap before
{Heap before GC invocations=21 (full 4):
 PSYoungGen      total 657408K, used 645079K [0x00000000d5580000, 0x0000000100000000, 0x0000000100000000)
  eden space 619008K, 100% used [0x00000000d5580000,0x00000000fb200000,0x00000000fb200000)
  from space 38400K, 67% used [0x00000000fda80000,0x00000000ff3f5c90,0x0000000100000000)
  to   space 39936K, 0% used [0x00000000fb200000,0x00000000fb200000,0x00000000fd900000)
 ParOldGen       total 109056K, used 52171K [0x0000000080000000, 0x0000000086a80000, 0x00000000d5580000)
  object space 109056K, 47% used [0x0000000080000000,0x00000000832f2e60,0x0000000086a80000)
 Metaspace       used 106613K, capacity 111164K, committed 111400K, reserved 1146880K
  class space    used 13652K, capacity 14532K, committed 14640K, reserved 1048576K
Event: 3821.832 GC heap after
Heap after GC invocations=21 (full 4):
 PSYoungGen      total 658944K, used 6322K [0x00000000d5580000, 0x0000000100000000, 0x0000000100000000)
  eden space 619008K, 0% used [0x00000000d5580000,0x00000000d5580000,0x00000000fb200000)
  from space 39936K, 15% used [0x00000000fb200000,0x00000000fb82cbf8,0x00000000fd900000)
  to   space 39424K, 0% used [0x00000000fd980000,0x00000000fd980000,0x0000000100000000)
 ParOldGen       total 109056K, used 70771K [0x0000000080000000, 0x0000000086a80000, 0x00000000d5580000)
  object space 109056K, 64% used [0x0000000080000000,0x000000008451cf30,0x0000000086a80000)
 Metaspace       used 106613K, capacity 111164K, committed 111400K, reserved 1146880K
  class space    used 13652K, capacity 14532K, committed 14640K, reserved 1048576K
}
Event: 3886.690 GC heap before
{Heap before GC invocations=22 (full 4):
 PSYoungGen      total 658944K, used 625330K [0x00000000d5580000, 0x0000000100000000, 0x0000000100000000)
  eden space 619008K, 100% used [0x00000000d5580000,0x00000000fb200000,0x00000000fb200000)
  from space 39936K, 15% used [0x00000000fb200000,0x00000000fb82cbf8,0x00000000fd900000)
  to   space 39424K, 0% used [0x00000000fd980000,0x00000000fd980000,0x0000000100000000)
 ParOldGen       total 109056K, used 70771K [0x0000000080000000, 0x0000000086a80000, 0x00000000d5580000)
  object space 109056K, 64% used [0x0000000080000000,0x000000008451cf30,0x0000000086a80000)
 Metaspace       used 107084K, capacity 111640K, committed 112040K, reserved 1146880K
  class space    used 13676K, capacity 14578K, committed 14768K, reserved 1048576K
Event: 3890.194 GC heap after
Heap after GC invocations=22 (full 4):
 PSYoungGen      total 654336K, used 15338K [0x00000000d5580000, 0x00000000ffb80000, 0x0000000100000000)
  eden space 619520K, 0% used [0x00000000d5580000,0x00000000d5580000,0x00000000fb280000)
  from space 34816K, 44% used [0x00000000fd980000,0x00000000fe87a938,0x00000000ffb80000)
  to   space 37376K, 0% used [0x00000000fb280000,0x00000000fb280000,0x00000000fd700000)
 ParOldGen       total 109056K, used 72330K [0x0000000080000000, 0x0000000086a80000, 0x00000000d5580000)
  object space 109056K, 66% used [0x0000000080000000,0x00000000846a2a00,0x0000000086a80000)
 Metaspace       used 107084K, capacity 111640K, committed 112040K, reserved 1146880K
  class space    used 13676K, capacity 14578K, committed 14768K, reserved 1048576K
}

Deoptimization events (10 events):
Event: 3935.525 Thread 0x000000001a463000 Uncommon trap: reason=class_check action=maybe_recompile pc=0x00000000061e767c method=java.util.HashMap.containsValue(Ljava/lang/Object;)Z @ 54
Event: 3935.692 Thread 0x000000001fc1e000 Uncommon trap: reason=unstable_if action=reinterpret pc=0x000000000714968c method=com.android.tools.r8.ir.regalloc.a.a(Lcom/android/tools/r8/ir/regalloc/a$a;Z)Lcom/android/tools/r8/ir/regalloc/a$a; @ 3120
Event: 3936.084 Thread 0x000000001fc1e000 Uncommon trap: reason=unstable_if action=reinterpret pc=0x0000000006f4038c method=com.android.tools.r8.ir.regalloc.j.a(ILcom/android/tools/r8/u/b/h0;Lcom/android/tools/r8/u/b/j0;)V @ 450
Event: 3936.193 Thread 0x000000001fc1e000 Uncommon trap: reason=unloaded action=reinterpret pc=0x0000000006a46e64 method=com.android.tools.r8.ir.optimize.l.o(Lcom/android/tools/r8/u/b/W;)V @ 265
Event: 3939.856 Thread 0x000000001e7c7000 Uncommon trap: reason=unstable_if action=reinterpret pc=0x00000000062d43fc method=java.util.Spliterators$ArraySpliterator.forEachRemaining(Ljava/util/function/Consumer;)V @ 46
Event: 3941.627 Thread 0x000000001e7c7000 Uncommon trap: reason=unstable_if action=reinterpret pc=0x00000000045d8ab8 method=java.io.ObjectOutputStream$BlockDataOutputStream.writeShort(I)V @ 9
Event: 3941.682 Thread 0x000000001fc1e000 Uncommon trap: reason=class_check action=maybe_recompile pc=0x000000000696b8dc method=com.android.tools.r8.ir.conversion.o.a(Lcom/android/tools/r8/ir/conversion/N;IZ)V @ 526
Event: 3942.235 Thread 0x000000001fc1e000 Uncommon trap: reason=unstable_if action=reinterpret pc=0x0000000003ed4944 method=java.util.HashMap$HashMapSpliterator.getFence()I @ 37
Event: 3942.236 Thread 0x000000001fc1e000 Uncommon trap: reason=unstable_if action=reinterpret pc=0x000000000630ea14 method=java.util.HashMap$EntrySpliterator.forEachRemaining(Ljava/util/function/Consumer;)V @ 75
Event: 3946.304 Thread 0x000000001fc1e000 Uncommon trap: reason=class_check action=maybe_recompile pc=0x000000000696b8dc method=com.android.tools.r8.ir.conversion.o.a(Lcom/android/tools/r8/ir/conversion/N;IZ)V @ 526

Classes redefined (0 events):
No events

Internal exceptions (10 events):
Event: 3915.904 Thread 0x000000001e7c8800 Implicit null exception at 0x0000000003e719ef to 0x0000000003e71ae1
Event: 3918.200 Thread 0x000000001e7d2800 Implicit null exception at 0x0000000006ce5dbf to 0x0000000006ceb475
Event: 3918.411 Thread 0x000000001e7d2800 Exception <a 'sun/nio/fs/WindowsException'> (0x00000000eee62ab8) thrown at [C:\src\AOSP-openjdk-git\hotspot\src\share\vm\prims\jni.cpp, line 710]
Event: 3918.924 Thread 0x000000001a45f800 Exception <a 'sun/nio/fs/WindowsException'> (0x00000000ee98b800) thrown at [C:\src\AOSP-openjdk-git\hotspot\src\share\vm\prims\jni.cpp, line 710]
Event: 3933.466 Thread 0x000000001a463000 Exception <a 'sun/nio/fs/WindowsException'> (0x00000000d62cac50) thrown at [C:\src\AOSP-openjdk-git\hotspot\src\share\vm\prims\jni.cpp, line 710]
Event: 3933.469 Thread 0x000000001a463000 Exception <a 'sun/nio/fs/WindowsException'> (0x00000000d62cb4d0) thrown at [C:\src\AOSP-openjdk-git\hotspot\src\share\vm\prims\jni.cpp, line 710]
Event: 3933.475 Thread 0x000000001a463000 Exception <a 'sun/nio/fs/WindowsException'> (0x00000000d62cceb8) thrown at [C:\src\AOSP-openjdk-git\hotspot\src\share\vm\prims\jni.cpp, line 710]
Event: 3935.522 Thread 0x000000001a463000 Implicit null exception at 0x0000000006405ee7 to 0x000000000640606d
Event: 3942.235 Thread 0x000000001fc1e000 Implicit null exception at 0x0000000003ed490d to 0x0000000003ed4935
Event: 3942.236 Thread 0x000000001fc1e000 Implicit null exception at 0x000000000630e752 to 0x000000000630e9ed

Events (10 events):
Event: 3946.304 Thread 0x000000001fc1e000 DEOPT PACKING pc=0x000000000696b8dc sp=0x000000001d107c30
Event: 3946.304 Thread 0x000000001fc1e000 DEOPT UNPACKING pc=0x00000000032b557b sp=0x000000001d107c28 mode 2
Event: 3946.934 Thread 0x000000001fc1e000 DEOPT PACKING pc=0x0000000006f0ee9b sp=0x000000001d107470
Event: 3946.934 Thread 0x000000001fc1e000 DEOPT UNPACKING pc=0x00000000032b75d0 sp=0x000000001d107528 mode 0
Event: 3951.974 Thread 0x000000001fc1e000 DEOPT PACKING pc=0x0000000006ef5f98 sp=0x000000001d107a90
Event: 3951.974 Thread 0x000000001fc1e000 DEOPT UNPACKING pc=0x00000000032b75d0 sp=0x000000001d107900 mode 0
Event: 3951.998 Thread 0x000000001fc1e000 DEOPT PACKING pc=0x0000000006f0ee35 sp=0x000000001d107470
Event: 3951.998 Thread 0x000000001fc1e000 DEOPT UNPACKING pc=0x00000000032b75d0 sp=0x000000001d107528 mode 0
Event: 3952.472 Thread 0x000000001fc1e000 DEOPT PACKING pc=0x0000000006f0eeb2 sp=0x000000001d107470
Event: 3952.472 Thread 0x000000001fc1e000 DEOPT UNPACKING pc=0x00000000032b75d0 sp=0x000000001d107538 mode 0


Dynamic libraries:
0x00007ff733c50000 - 0x00007ff733c81000 	C:\Program Files\Android\Android Studio\jre\bin\java.exe
0x00007ff91cec0000 - 0x00007ff91d0b0000 	C:\WINDOWS\SYSTEM32\ntdll.dll
0x00007ff91b070000 - 0x00007ff91b122000 	C:\WINDOWS\System32\KERNEL32.DLL
0x00007ff919e40000 - 0x00007ff91a0e4000 	C:\WINDOWS\System32\KERNELBASE.dll
0x00007ff91ca10000 - 0x00007ff91cab3000 	C:\WINDOWS\System32\ADVAPI32.dll
0x00007ff91b130000 - 0x00007ff91b1ce000 	C:\WINDOWS\System32\msvcrt.dll
0x00007ff91afd0000 - 0x00007ff91b067000 	C:\WINDOWS\System32\sechost.dll
0x00007ff91b750000 - 0x00007ff91b870000 	C:\WINDOWS\System32\RPCRT4.dll
0x00007ff91b940000 - 0x00007ff91bad5000 	C:\WINDOWS\System32\USER32.dll
0x00007ff91a210000 - 0x00007ff91a231000 	C:\WINDOWS\System32\win32u.dll
0x00007ff91b1e0000 - 0x00007ff91b206000 	C:\WINDOWS\System32\GDI32.dll
0x00007ff91abd0000 - 0x00007ff91ad66000 	C:\WINDOWS\System32\gdi32full.dll
0x00007ff91a0f0000 - 0x00007ff91a18e000 	C:\WINDOWS\System32\msvcp_win.dll
0x00007ff91a290000 - 0x00007ff91a38a000 	C:\WINDOWS\System32\ucrtbase.dll
0x00007ff8fdaa0000 - 0x00007ff8fdd24000 	C:\WINDOWS\WinSxS\amd64_microsoft.windows.common-controls_6595b64144ccf1df_6.0.18362.1016_none_9e7a36bbe461dae4\COMCTL32.dll
0x00007ff91cac0000 - 0x00007ff91cdf5000 	C:\WINDOWS\System32\combase.dll
0x00007ff91a190000 - 0x00007ff91a210000 	C:\WINDOWS\System32\bcryptPrimitives.dll
0x00007ff91b210000 - 0x00007ff91b23e000 	C:\WINDOWS\System32\IMM32.DLL
0x0000000064bb0000 - 0x0000000064c82000 	C:\Program Files\Android\Android Studio\jre\jre\bin\msvcr100.dll
0x0000000065700000 - 0x0000000065f4b000 	C:\Program Files\Android\Android Studio\jre\jre\bin\server\jvm.dll
0x00007ff91ce00000 - 0x00007ff91ce08000 	C:\WINDOWS\System32\PSAPI.DLL
0x00007ff917d00000 - 0x00007ff917d24000 	C:\WINDOWS\SYSTEM32\WINMM.dll
0x00007ff918ed0000 - 0x00007ff918eda000 	C:\WINDOWS\SYSTEM32\VERSION.dll
0x00007ff917cd0000 - 0x00007ff917cfd000 	C:\WINDOWS\SYSTEM32\winmmbase.dll
0x00007ff91a240000 - 0x00007ff91a28a000 	C:\WINDOWS\System32\cfgmgr32.dll
0x00007ff90d1e0000 - 0x00007ff90d1e9000 	C:\WINDOWS\SYSTEM32\WSOCK32.dll
0x00007ff91bc90000 - 0x00007ff91bcff000 	C:\WINDOWS\System32\WS2_32.dll
0x00007ff907970000 - 0x00007ff90797f000 	C:\Program Files\Android\Android Studio\jre\jre\bin\verify.dll
0x00007ff902920000 - 0x00007ff902949000 	C:\Program Files\Android\Android Studio\jre\jre\bin\java.dll
0x00007ff906c40000 - 0x00007ff906c56000 	C:\Program Files\Android\Android Studio\jre\jre\bin\zip.dll
0x00007ff91bd00000 - 0x00007ff91c3e7000 	C:\WINDOWS\System32\SHELL32.dll
0x00007ff91b4a0000 - 0x00007ff91b549000 	C:\WINDOWS\System32\shcore.dll
0x00007ff91a440000 - 0x00007ff91abc2000 	C:\WINDOWS\System32\windows.storage.dll
0x00007ff919df0000 - 0x00007ff919e13000 	C:\WINDOWS\System32\profapi.dll
0x00007ff919da0000 - 0x00007ff919dea000 	C:\WINDOWS\System32\powrprof.dll
0x00007ff919d70000 - 0x00007ff919d80000 	C:\WINDOWS\System32\UMPDC.dll
0x00007ff91af70000 - 0x00007ff91afc2000 	C:\WINDOWS\System32\shlwapi.dll
0x00007ff919d80000 - 0x00007ff919d91000 	C:\WINDOWS\System32\kernel.appcore.dll
0x00007ff91af50000 - 0x00007ff91af67000 	C:\WINDOWS\System32\cryptsp.dll
0x00007ff9046d0000 - 0x00007ff9046ea000 	C:\Program Files\Android\Android Studio\jre\jre\bin\net.dll
0x00007ff9195d0000 - 0x00007ff919637000 	C:\WINDOWS\system32\mswsock.dll
0x00007ff902900000 - 0x00007ff902913000 	C:\Program Files\Android\Android Studio\jre\jre\bin\nio.dll
0x00007ff8ff480000 - 0x00007ff8ff4a6000 	C:\Users\jiong\.gradle\native\31\windows-amd64\native-platform.dll
0x00007ff907960000 - 0x00007ff90796d000 	C:\Program Files\Android\Android Studio\jre\jre\bin\management.dll
0x00007ff9190e0000 - 0x00007ff919113000 	C:\WINDOWS\system32\rsaenh.dll
0x00007ff91aec0000 - 0x00007ff91aee6000 	C:\WINDOWS\System32\bcrypt.dll
0x00007ff919c60000 - 0x00007ff919c85000 	C:\WINDOWS\SYSTEM32\USERENV.dll
0x00007ff9197a0000 - 0x00007ff9197ac000 	C:\WINDOWS\SYSTEM32\CRYPTBASE.dll
0x00007ff919280000 - 0x00007ff9192ba000 	C:\WINDOWS\SYSTEM32\IPHLPAPI.DLL
0x00007ff91b1d0000 - 0x00007ff91b1d8000 	C:\WINDOWS\System32\NSI.dll
0x00007ff90cab0000 - 0x00007ff90cac6000 	C:\WINDOWS\SYSTEM32\dhcpcsvc6.DLL
0x00007ff90cb80000 - 0x00007ff90cb9c000 	C:\WINDOWS\SYSTEM32\dhcpcsvc.DLL
0x00007ff9192c0000 - 0x00007ff91938b000 	C:\WINDOWS\SYSTEM32\DNSAPI.dll
0x00007ff8ffbd0000 - 0x00007ff8ffbf4000 	C:\Program Files\Android\Android Studio\jre\jre\bin\sunec.dll
0x00007ff90c920000 - 0x00007ff90c92a000 	C:\Windows\System32\rasadhlp.dll
0x00007ff90c520000 - 0x00007ff90c597000 	C:\WINDOWS\System32\fwpuclnt.dll
0x00007ff907150000 - 0x00007ff90715b000 	C:\Program Files\Android\Android Studio\jre\jre\bin\sunmscapi.dll
0x00007ff91ad70000 - 0x00007ff91aeb9000 	C:\WINDOWS\System32\CRYPT32.dll
0x00007ff919e20000 - 0x00007ff919e32000 	C:\WINDOWS\System32\MSASN1.dll
0x00007ff918c60000 - 0x00007ff918c91000 	C:\WINDOWS\SYSTEM32\ntmarta.dll
0x00007ff917c40000 - 0x00007ff917ccf000 	C:\WINDOWS\system32\apphelp.dll

VM Arguments:
jvm_args: -Xmx2048m -Dfile.encoding=windows-1252 -Duser.country=US -Duser.language=en -Duser.variant 
java_command: org.gradle.launcher.daemon.bootstrap.GradleDaemon 6.1.1
java_class_path (initial): C:\Users\jiong\.gradle\wrapper\dists\gradle-6.1.1-all\cfmwm155h49vnt3hynmlrsdst\gradle-6.1.1\lib\gradle-launcher-6.1.1.jar
Launcher Type: SUN_STANDARD

Environment Variables:
PATH=C:\Program Files (x86)\Common Files\Oracle\Java\javapath;C:\WINDOWS\system32;C:\WINDOWS;C:\WINDOWS\System32\Wbem;C:\WINDOWS\System32\WindowsPowerShell\v1.0\;C:\WINDOWS\System32\OpenSSH\;C:\Program Files\nodejs\;C:\Program Files\Git\cmd;C:\Program Files\Git\bin;C:\Program Files\PuTTY\;C:\Users\jiong\AppData\Local\Programs\Python\Python37-32\Scripts\;C:\Users\jiong\AppData\Local\Programs\Python\Python37-32\;C:\Users\jiong\AppData\Local\Microsoft\WindowsApps;C:\Users\jiong\AppData\Roaming\npm;C:\Program Files\Git\cmd;C:\Program Files\Git\bin;C:\Users\jiong\AppData\Local\Programs\Microsoft VS Code\bin
USERNAME=jiong
OS=Windows_NT
PROCESSOR_IDENTIFIER=Intel64 Family 6 Model 142 Stepping 9, GenuineIntel



---------------  S Y S T E M  ---------------

OS: Windows 10.0 , 64 bit Build 18362 (10.0.18362.959)

CPU:total 4 (initial active 4) (2 cores per cpu, 2 threads per core) family 6 model 142 stepping 9, cmov, cx8, fxsr, mmx, sse, sse2, sse3, ssse3, sse4.1, sse4.2, popcnt, avx, avx2, aes, clmul, erms, rtm, 3dnowpref, lzcnt, ht, tsc, tscinvbit, bmi1, bmi2, adx

Memory: 4k page, physical 4113804k(20080k free), swap 16696716k(26096k free)

vm_info: OpenJDK 64-Bit Server VM (25.242-b01) for windows-amd64 JRE (1.8.0_242-release-1644-b01), built by "builder" with MS VC++ 10.0 (VS2010)

time: Fri Sep 11 11:53:13 2020
timezone: Eastern Daylight Time
elapsed time: 3954 seconds (0d 1h 5m 54s)

